current directory: E:/ITI_Assuit/ITI/Ruby/new_rails/path/ruby/3.3.0/gems/msgpack-1.7.2/ext/msgpack
C:/Ruby33-x64/bin/ruby.exe extconf.rb
checking for rb_enc_interned_str() in ruby.h... yes
checking for rb_hash_new_capa() in ruby.h... yes
checking for rb_proc_call_with_block() in ruby.h... yes
checking for whether -fvisibility=hidden is accepted as CFLAGS... yes
checking for whether -I.. is accepted as CFLAGS... yes
checking for whether -Wall is accepted as CFLAGS... yes
checking for whether -O3 is accepted as CFLAGS... yes
checking for whether -std=gnu99 is accepted as CFLAGS... yes
checking for whether -ggdb3 is accepted as CFLAGS... yes
checking for whether -DHASH_ASET_DEDUPE=1 is accepted as CFLAGS... yes
checking for whether -DSTR_UMINUS_DEDUPE_FROZEN=1 is accepted as CFLAGS... yes
creating Makefile

current directory: E:/ITI_Assuit/ITI/Ruby/new_rails/path/ruby/3.3.0/gems/msgpack-1.7.2/ext/msgpack
make DESTDIR\= sitearchdir\=./.gem.20240528-12844-26u3os sitelibdir\=./.gem.20240528-12844-26u3os clean

current directory: E:/ITI_Assuit/ITI/Ruby/new_rails/path/ruby/3.3.0/gems/msgpack-1.7.2/ext/msgpack
make DESTDIR\= sitearchdir\=./.gem.20240528-12844-26u3os sitelibdir\=./.gem.20240528-12844-26u3os
generating msgpack-x64-mingw-ucrt.def
compiling buffer.c
compiling buffer_class.c
compiling extension_value_class.c
compiling factory_class.c
compiling packer.c
compiling packer_class.c
compiling packer_ext_registry.c
compiling rbinit.c
compiling rmem.c
compiling unpacker.c
compiling unpacker_class.c
compiling unpacker_ext_registry.c
linking shared-object msgpack/msgpack.so

current directory: E:/ITI_Assuit/ITI/Ruby/new_rails/path/ruby/3.3.0/gems/msgpack-1.7.2/ext/msgpack
make DESTDIR\= sitearchdir\=./.gem.20240528-12844-26u3os sitelibdir\=./.gem.20240528-12844-26u3os install
/usr/bin/install -c -m 0755 msgpack.so ./.gem.20240528-12844-26u3os/msgpack

current directory: E:/ITI_Assuit/ITI/Ruby/new_rails/path/ruby/3.3.0/gems/msgpack-1.7.2/ext/msgpack
make DESTDIR\= sitearchdir\=./.gem.20240528-12844-26u3os sitelibdir\=./.gem.20240528-12844-26u3os clean
