current directory: E:/ITI_Assuit/ITI/Ruby/new_rails/path/ruby/3.3.0/gems/puma-6.4.2/ext/puma_http11
C:/Ruby33-x64/bin/ruby.exe extconf.rb
checking for whether -fstack-protector-strong -D_FORTIFY_SOURCE=2 is accepted as CFLAGS... yes
checking for whether -fstack-protector-strong -l:libssp.a is accepted as LDFLAGS... yes
checking for -lssp... yes
checking for pkg-config for openssl... not found
checking for BIO_read() in -llibcrypto... no
checking for BIO_read() in -lcrypto... no
checking for BIO_read() in -llibeay32... no
** Puma will be compiled without SSL support
creating Makefile

current directory: E:/ITI_Assuit/ITI/Ruby/new_rails/path/ruby/3.3.0/gems/puma-6.4.2/ext/puma_http11
make DESTDIR\= sitearchdir\=./.gem.20240528-12844-8n3jab sitelibdir\=./.gem.20240528-12844-8n3jab clean

current directory: E:/ITI_Assuit/ITI/Ruby/new_rails/path/ruby/3.3.0/gems/puma-6.4.2/ext/puma_http11
make DESTDIR\= sitearchdir\=./.gem.20240528-12844-8n3jab sitelibdir\=./.gem.20240528-12844-8n3jab
generating puma_http11-x64-mingw-ucrt.def
compiling http11_parser.c
compiling mini_ssl.c
compiling puma_http11.c
linking shared-object puma/puma_http11.so

current directory: E:/ITI_Assuit/ITI/Ruby/new_rails/path/ruby/3.3.0/gems/puma-6.4.2/ext/puma_http11
make DESTDIR\= sitearchdir\=./.gem.20240528-12844-8n3jab sitelibdir\=./.gem.20240528-12844-8n3jab install
/usr/bin/install -c -m 0755 puma_http11.so ./.gem.20240528-12844-8n3jab/puma

current directory: E:/ITI_Assuit/ITI/Ruby/new_rails/path/ruby/3.3.0/gems/puma-6.4.2/ext/puma_http11
make DESTDIR\= sitearchdir\=./.gem.20240528-12844-8n3jab sitelibdir\=./.gem.20240528-12844-8n3jab clean
