current directory: E:/ITI_Assuit/ITI/Ruby/new_rails/path/ruby/3.3.0/gems/io-console-0.7.2/ext/io/console
C:/Ruby33-x64/bin/ruby.exe extconf.rb
checking for rb_io_path()... yes
checking for rb_io_descriptor()... yes
checking for rb_io_get_write_io()... yes
checking for rb_io_closed_p()... yes
checking for rb_io_open_descriptor()... yes
checking for HAVE_RUBY_FIBER_SCHEDULER_H... yes
creating Makefile

current directory: E:/ITI_Assuit/ITI/Ruby/new_rails/path/ruby/3.3.0/gems/io-console-0.7.2/ext/io/console
make DESTDIR\= sitearchdir\=./.gem.20240528-12844-3wq3wq sitelibdir\=./.gem.20240528-12844-3wq3wq clean

current directory: E:/ITI_Assuit/ITI/Ruby/new_rails/path/ruby/3.3.0/gems/io-console-0.7.2/ext/io/console
make DESTDIR\= sitearchdir\=./.gem.20240528-12844-3wq3wq sitelibdir\=./.gem.20240528-12844-3wq3wq
generating console-x64-mingw-ucrt.def
compiling console.c
linking shared-object io/console.so

current directory: E:/ITI_Assuit/ITI/Ruby/new_rails/path/ruby/3.3.0/gems/io-console-0.7.2/ext/io/console
make DESTDIR\= sitearchdir\=./.gem.20240528-12844-3wq3wq sitelibdir\=./.gem.20240528-12844-3wq3wq install
/usr/bin/install -c -m 0755 console.so ./.gem.20240528-12844-3wq3wq/io

current directory: E:/ITI_Assuit/ITI/Ruby/new_rails/path/ruby/3.3.0/gems/io-console-0.7.2/ext/io/console
make DESTDIR\= sitearchdir\=./.gem.20240528-12844-3wq3wq sitelibdir\=./.gem.20240528-12844-3wq3wq clean
